----------------------------------------------------------------------
----------------------------------------------------------------------
TravelHMM - Default
----------------------------------------------------------------------
----------------------------------------------------------------------
Observations:
0 0 None
1 0 None
2 4 4
3 3 0
4 4 4
5 0 None
6 1 1
7 0 None
8 0 None
9 3 0
10 0 None
11 0 None
12 1 1
13 0 None
14 1 1
15 0 None
16 2 3
17 0 None
18 0 None
19 0 None
20 0 None
21 0 None
22 0 None
23 0 None
24 0 None
25 0 None
26 0 None
27 0 None
28 0 None
29 0 None

Ground Truth: [5, 5, 4, 0, 4, 2, 1, 2, 3, 0, 1, 4, 1, 1, 1, 0, 3, 3, 4, 5, 5, 5, 5, 5, 5, 5, 5, 5, 5, 5]



 Viterbei

predicted states [5 5 4 0 4 0 1 1 1 0 1 1 1 1 1 3 3 5 5 5 5 5 5 5 5 5 5 5 5 5]
logprob -40.13785917991622

Similarity: 0.7666666666666667
Differences:
 5 0 2
 7 1 2
 8 1 3
 11 1 4
 15 3 0
 17 5 3
 18 5 4



 LP

predicted states [5, 5, 4, 0, 4, 0, 1, 1, 1, 0, 1, 1, 1, 1, 1, 3, 3, 5, 5, 5, 5, 5, 5, 5, 5, 5, 5, 5, 5, 5]
logprob -40.137859179916234

Similarity: 0.7666666666666667
Differences:
 5 0 2
 7 1 2
 8 1 3
 11 1 4
 15 3 0
 17 5 3
 18 5 4



 IP

predicted states [5, 3, 4, 0, 4, 0, 1, 1, 1, 0, 1, 1, 1, 1, 1, 3, 3, 5, 5, 5, 5, 5, 5, 5, 5, 5, 5, 5, 5, 5]
logprob -41.905791869980575
Similarity: 0.7333333333333333
Differences:
 1 3 5
 5 0 2
 7 1 2
 8 1 3
 11 1 4
 15 3 0
 17 5 3
 18 5 4

----------------------------------------------------------------------
----------------------------------------------------------------------
TravelHMM - Start in City 4
----------------------------------------------------------------------
----------------------------------------------------------------------
Observations:
0 0 None
1 0 None
2 4 4
3 3 0
4 4 4
5 0 None
6 1 1
7 0 None
8 0 None
9 3 0
10 0 None
11 0 None
12 1 1
13 0 None
14 1 1
15 0 None
16 2 3
17 0 None
18 0 None
19 0 None
20 0 None
21 0 None
22 0 None
23 0 None
24 0 None
25 0 None
26 0 None
27 0 None
28 0 None
29 0 None

Ground Truth: [5, 5, 4, 0, 4, 2, 1, 2, 3, 0, 1, 4, 1, 1, 1, 0, 3, 3, 4, 5, 5, 5, 5, 5, 5, 5, 5, 5, 5, 5]



 Viterbei

predicted states [5 5 4 0 4 0 1 1 1 0 1 1 1 1 1 3 3 5 5 5 5 5 5 5 5 5 5 5 5 5]
logprob -40.13785917991622

Similarity: 0.7666666666666667
Differences:
 5 0 2
 7 1 2
 8 1 3
 11 1 4
 15 3 0
 17 5 3
 18 5 4



 LP

predicted states [5, 5, 4, 0, 4, 0, 1, 1, 1, 0, 1, 1, 1, 1, 1, 3, 3, 5, 5, 5, 5, 5, 5, 5, 5, 5, 5, 5, 5, 5]
logprob -40.137859179916234

Similarity: 0.7666666666666667
Differences:
 5 0 2
 7 1 2
 8 1 3
 11 1 4
 15 3 0
 17 5 3
 18 5 4



 IP

predicted states [5, 5, 4, 0, 4, 0, 1, 1, 1, 0, 1, 1, 1, 1, 1, 3, 3, 4, 5, 5, 5, 5, 5, 5, 5, 5, 5, 5, 5, 5]
logprob -42.603039219691844
Similarity: 0.7666666666666667
Differences:
 5 0 2
 7 1 2
 8 1 3
 11 1 4
 15 3 0
 17 4 3
 18 5 4

