----------------------------------------------------------------------
----------------------------------------------------------------------
ProcessConstrained - Default
----------------------------------------------------------------------
----------------------------------------------------------------------
Observations:
0 1 (0, 0, 0, 0, 0)
1 1 (0, 0, 0, 0, 0)
2 1 (0, 0, 0, 0, 0)
3 14 (0, 1, 0, 1, 0)
4 8 (0, 0, 0, 1, 0)
5 1 (0, 0, 0, 0, 0)
6 0 (1, 0, 0, 0, 0)
7 0 (1, 0, 0, 0, 0)
8 1 (0, 0, 0, 0, 0)
9 8 (0, 0, 0, 1, 0)
10 2 (0, 0, 0, 0, 1)
11 0 (1, 0, 0, 0, 0)
12 1 (0, 0, 0, 0, 0)
13 1 (0, 0, 0, 0, 0)
14 1 (0, 0, 0, 0, 0)
15 1 (0, 0, 0, 0, 0)
16 1 (0, 0, 0, 0, 0)
17 1 (0, 0, 0, 0, 0)
18 1 (0, 0, 0, 0, 0)
19 1 (0, 0, 0, 0, 0)
20 1 (0, 0, 0, 0, 0)
21 1 (0, 0, 0, 0, 0)
22 1 (0, 0, 0, 0, 0)
23 1 (0, 0, 0, 0, 0)
24 6 (0, 1, 0, 0, 0)
25 3 (0, 0, 1, 0, 0)
26 23 (0, 1, 1, 0, 1)
27 1 (0, 0, 0, 0, 0)
28 11 (0, 0, 1, 1, 0)
29 6 (0, 1, 0, 0, 0)
30 1 (0, 0, 0, 0, 0)
31 3 (0, 0, 1, 0, 0)
32 8 (0, 0, 0, 1, 0)
33 1 (0, 0, 0, 0, 0)
34 3 (0, 0, 1, 0, 0)
35 8 (0, 0, 0, 1, 0)
36 4 (1, 0, 0, 1, 0)
37 0 (1, 0, 0, 0, 0)
38 1 (0, 0, 0, 0, 0)
39 1 (0, 0, 0, 0, 0)
40 1 (0, 0, 0, 0, 0)
41 1 (0, 0, 0, 0, 0)
42 8 (0, 0, 0, 1, 0)
43 1 (0, 0, 0, 0, 0)
44 1 (0, 0, 0, 0, 0)
45 1 (0, 0, 0, 0, 0)
46 1 (0, 0, 0, 0, 0)
47 0 (1, 0, 0, 0, 0)
48 1 (0, 0, 0, 0, 0)
49 1 (0, 0, 0, 0, 0)
50 3 (0, 0, 1, 0, 0)
51 1 (0, 0, 0, 0, 0)
52 1 (0, 0, 0, 0, 0)
53 1 (0, 0, 0, 0, 0)
54 1 (0, 0, 0, 0, 0)
55 0 (1, 0, 0, 0, 0)
56 1 (0, 0, 0, 0, 0)
57 1 (0, 0, 0, 0, 0)
58 1 (0, 0, 0, 0, 0)
59 17 (0, 1, 0, 0, 1)
60 1 (0, 0, 0, 0, 0)
61 2 (0, 0, 0, 0, 1)
62 2 (0, 0, 0, 0, 1)
63 1 (0, 0, 0, 0, 0)
64 2 (0, 0, 0, 0, 1)
65 2 (0, 0, 0, 0, 1)
66 1 (0, 0, 0, 0, 0)
67 1 (0, 0, 0, 0, 0)
68 2 (0, 0, 0, 0, 1)
69 1 (0, 0, 0, 0, 0)
70 2 (0, 0, 0, 0, 1)
71 6 (0, 1, 0, 0, 0)
72 0 (1, 0, 0, 0, 0)
73 1 (0, 0, 0, 0, 0)
74 6 (0, 1, 0, 0, 0)
75 6 (0, 1, 0, 0, 0)
76 1 (0, 0, 0, 0, 0)
77 1 (0, 0, 0, 0, 0)
78 1 (0, 0, 0, 0, 0)
79 1 (0, 0, 0, 0, 0)
80 1 (0, 0, 0, 0, 0)
81 1 (0, 0, 0, 0, 0)
82 1 (0, 0, 0, 0, 0)
83 1 (0, 0, 0, 0, 0)
84 1 (0, 0, 0, 0, 0)
85 1 (0, 0, 0, 0, 0)
86 1 (0, 0, 0, 0, 0)
87 1 (0, 0, 0, 0, 0)
88 6 (0, 1, 0, 0, 0)
89 1 (0, 0, 0, 0, 0)
90 1 (0, 0, 0, 0, 0)
91 1 (0, 0, 0, 0, 0)
92 1 (0, 0, 0, 0, 0)
93 1 (0, 0, 0, 0, 0)
94 1 (0, 0, 0, 0, 0)
95 1 (0, 0, 0, 0, 0)
96 5 (1, 0, 0, 0, 1)
97 1 (0, 0, 0, 0, 0)
98 1 (0, 0, 0, 0, 0)
99 1 (0, 0, 0, 0, 0)
100 1 (0, 0, 0, 0, 0)
101 1 (0, 0, 0, 0, 0)
102 3 (0, 0, 1, 0, 0)
103 1 (0, 0, 0, 0, 0)
104 1 (0, 0, 0, 0, 0)
105 1 (0, 0, 0, 0, 0)
106 1 (0, 0, 0, 0, 0)
107 1 (0, 0, 0, 0, 0)
108 1 (0, 0, 0, 0, 0)
109 1 (0, 0, 0, 0, 0)
110 0 (1, 0, 0, 0, 0)
111 1 (0, 0, 0, 0, 0)
112 1 (0, 0, 0, 0, 0)
113 1 (0, 0, 0, 0, 0)
114 1 (0, 0, 0, 0, 0)
115 1 (0, 0, 0, 0, 0)
116 8 (0, 0, 0, 1, 0)
117 1 (0, 0, 0, 0, 0)
118 1 (0, 0, 0, 0, 0)
119 1 (0, 0, 0, 0, 0)
120 1 (0, 0, 0, 0, 0)
121 1 (0, 0, 0, 0, 0)
122 8 (0, 0, 0, 1, 0)
123 1 (0, 0, 0, 0, 0)
124 1 (0, 0, 0, 0, 0)
125 1 (0, 0, 0, 0, 0)
126 1 (0, 0, 0, 0, 0)
127 1 (0, 0, 0, 0, 0)
128 1 (0, 0, 0, 0, 0)
129 4 (1, 0, 0, 1, 0)
130 1 (0, 0, 0, 0, 0)
131 1 (0, 0, 0, 0, 0)
132 0 (1, 0, 0, 0, 0)
133 1 (0, 0, 0, 0, 0)
134 1 (0, 0, 0, 0, 0)
135 1 (0, 0, 0, 0, 0)
136 1 (0, 0, 0, 0, 0)
137 1 (0, 0, 0, 0, 0)
138 1 (0, 0, 0, 0, 0)
139 1 (0, 0, 0, 0, 0)
140 20 (1, 0, 1, 0, 1)
141 6 (0, 1, 0, 0, 0)
142 1 (0, 0, 0, 0, 0)
143 1 (0, 0, 0, 0, 0)
144 1 (0, 0, 0, 0, 0)
145 1 (0, 0, 0, 0, 0)
146 0 (1, 0, 0, 0, 0)
147 1 (0, 0, 0, 0, 0)
148 3 (0, 0, 1, 0, 0)
149 1 (0, 0, 0, 0, 0)
150 1 (0, 0, 0, 0, 0)
151 1 (0, 0, 0, 0, 0)
152 1 (0, 0, 0, 0, 0)
153 1 (0, 0, 0, 0, 0)
154 3 (0, 0, 1, 0, 0)
155 1 (0, 0, 0, 0, 0)
156 8 (0, 0, 0, 1, 0)
157 1 (0, 0, 0, 0, 0)
158 1 (0, 0, 0, 0, 0)
159 2 (0, 0, 0, 0, 1)
160 1 (0, 0, 0, 0, 0)
161 1 (0, 0, 0, 0, 0)
162 1 (0, 0, 0, 0, 0)
163 1 (0, 0, 0, 0, 0)
164 1 (0, 0, 0, 0, 0)
165 1 (0, 0, 0, 0, 0)
166 17 (0, 1, 0, 0, 1)
167 1 (0, 0, 0, 0, 0)
168 1 (0, 0, 0, 0, 0)
169 1 (0, 0, 0, 0, 0)
170 1 (0, 0, 0, 0, 0)
171 1 (0, 0, 0, 0, 0)
172 1 (0, 0, 0, 0, 0)
173 1 (0, 0, 0, 0, 0)
174 2 (0, 0, 0, 0, 1)
175 1 (0, 0, 0, 0, 0)
176 1 (0, 0, 0, 0, 0)
177 1 (0, 0, 0, 0, 0)
178 6 (0, 1, 0, 0, 0)
179 1 (0, 0, 0, 0, 0)
180 2 (0, 0, 0, 0, 1)
181 3 (0, 0, 1, 0, 0)
182 1 (0, 0, 0, 0, 0)
183 1 (0, 0, 0, 0, 0)
184 1 (0, 0, 0, 0, 0)
185 1 (0, 0, 0, 0, 0)
186 1 (0, 0, 0, 0, 0)
187 6 (0, 1, 0, 0, 0)
188 1 (0, 0, 0, 0, 0)
189 3 (0, 0, 1, 0, 0)
190 1 (0, 0, 0, 0, 0)
191 1 (0, 0, 0, 0, 0)
192 1 (0, 0, 0, 0, 0)
193 1 (0, 0, 0, 0, 0)
194 1 (0, 0, 0, 0, 0)
195 1 (0, 0, 0, 0, 0)
196 1 (0, 0, 0, 0, 0)
197 1 (0, 0, 0, 0, 0)
198 1 (0, 0, 0, 0, 0)
199 1 (0, 0, 0, 0, 0)

Ground Truth: [0, 0, 0, 0, 0, 1, 1, 1, 0, 0, 0, 0, 0, 0, 0, 0, 0, 0, 0, 0, 0, 0, 0, 0, 2, 4, 4, 4, 4, 3, 3, 3, 5, 5, 5, 5, 5, 5, 5, 5, 5, 5, 5, 0, 0, 0, 0, 0, 0, 0, 0, 0, 0, 0, 0, 0, 0, 0, 6, 6, 6, 6, 6, 6, 6, 6, 6, 6, 6, 6, 6, 0, 0, 0, 0, 0, 0, 0, 0, 0, 0, 0, 0, 0, 0, 0, 0, 0, 0, 0, 0, 0, 0, 0, 0, 0, 0, 0, 0, 0, 0, 0, 0, 0, 0, 0, 0, 0, 0, 0, 0, 0, 0, 0, 0, 0, 0, 0, 0, 0, 0, 0, 0, 0, 0, 0, 0, 0, 0, 0, 0, 0, 0, 0, 0, 0, 0, 0, 0, 0, 0, 0, 0, 0, 0, 0, 0, 0, 0, 0, 0, 0, 0, 0, 0, 0, 0, 0, 0, 0, 0, 0, 0, 0, 0, 0, 0, 0, 0, 0, 0, 0, 0, 0, 0, 0, 0, 0, 0, 0, 0, 0, 0, 0, 0, 0, 0, 0, 0, 0, 0, 0, 0, 0, 0, 0, 0, 0, 0, 0]



 Viterbei

predicted states [0 0 0 0 0 0 0 0 0 0 0 0 0 0 0 0 0 0 0 0 0 0 0 0 0 0 0 0 0 0 0 0 0 0 0 0 0
 0 0 0 0 0 0 0 0 0 0 0 0 0 0 0 0 0 0 0 0 0 0 6 6 6 6 6 6 6 6 6 6 6 6 0 0 0
 0 0 0 0 0 0 0 0 0 0 0 0 0 0 0 0 0 0 0 0 0 0 0 0 0 0 0 0 0 0 0 0 0 0 0 0 0
 0 0 0 0 0 0 0 0 0 0 0 0 0 0 0 0 0 0 0 0 0 0 0 0 0 0 0 0 0 0 0 0 0 0 0 0 0
 0 0 0 0 0 0 0 0 0 0 0 0 0 0 0 0 0 0 0 0 0 0 0 0 0 0 0 0 0 0 0 0 0 0 0 0 0
 0 0 0 0 0 0 0 0 0 0 0 0 0 0 0]
logprob -245.34109339543468

Similarity: 0.885
Differences:
 5 0 1
 6 0 1
 7 0 1
 24 0 2
 25 0 4
 26 0 4
 27 0 4
 28 0 4
 29 0 3
 30 0 3
 31 0 3
 32 0 5
 33 0 5
 34 0 5
 35 0 5
 36 0 5
 37 0 5
 38 0 5
 39 0 5
 40 0 5
 41 0 5
 42 0 5
 58 0 6



 LP

predicted states [0, 0, 0, 0, 0, 0, 0, 0, 0, 0, 0, 0, 0, 0, 0, 0, 0, 0, 0, 0, 0, 0, 0, 0, 0, 0, 0, 0, 0, 0, 0, 0, 0, 0, 0, 0, 0, 0, 0, 0, 0, 0, 0, 0, 0, 0, 0, 0, 0, 0, 0, 0, 0, 0, 0, 0, 0, 0, 0, 6, 6, 6, 6, 6, 6, 6, 6, 6, 6, 6, 6, 0, 0, 0, 0, 0, 0, 0, 0, 0, 0, 0, 0, 0, 0, 0, 0, 0, 0, 0, 0, 0, 0, 0, 0, 0, 0, 0, 0, 0, 0, 0, 0, 0, 0, 0, 0, 0, 0, 0, 0, 0, 0, 0, 0, 0, 0, 0, 0, 0, 0, 0, 0, 0, 0, 0, 0, 0, 0, 0, 0, 0, 0, 0, 0, 0, 0, 0, 0, 0, 0, 0, 0, 0, 0, 0, 0, 0, 0, 0, 0, 0, 0, 0, 0, 0, 0, 0, 0, 0, 0, 0, 0, 0, 0, 0, 0, 0, 0, 0, 0, 0, 0, 0, 0, 0, 0, 0, 0, 0, 0, 0, 0, 0, 0, 0, 0, 0, 0, 0, 0, 0, 0, 0, 0, 0, 0, 0, 0, 0]
logprob -245.34109339543448

Similarity: 0.885
Differences:
 5 0 1
 6 0 1
 7 0 1
 24 0 2
 25 0 4
 26 0 4
 27 0 4
 28 0 4
 29 0 3
 30 0 3
 31 0 3
 32 0 5
 33 0 5
 34 0 5
 35 0 5
 36 0 5
 37 0 5
 38 0 5
 39 0 5
 40 0 5
 41 0 5
 42 0 5
 58 0 6



 IP

predicted states [0, 0, 0, 0, 0, 0, 0, 0, 0, 0, 0, 0, 0, 0, 0, 0, 0, 0, 0, 0, 0, 0, 0, 0, 0, 0, 0, 0, 0, 0, 0, 0, 0, 0, 0, 0, 0, 0, 0, 0, 0, 0, 0, 0, 0, 0, 0, 0, 0, 0, 0, 0, 0, 0, 0, 0, 0, 0, 6, 6, 6, 6, 6, 6, 6, 6, 6, 6, 6, 6, 6, 0, 0, 0, 0, 0, 0, 0, 0, 0, 0, 0, 0, 0, 0, 0, 0, 0, 0, 0, 0, 0, 0, 0, 0, 0, 0, 0, 0, 0, 0, 0, 0, 0, 0, 0, 0, 0, 0, 0, 0, 0, 0, 0, 0, 0, 0, 0, 0, 0, 0, 0, 0, 0, 0, 0, 0, 0, 0, 0, 0, 0, 0, 0, 0, 0, 0, 0, 0, 0, 0, 0, 0, 0, 0, 0, 0, 0, 0, 0, 0, 0, 0, 0, 0, 0, 0, 0, 0, 0, 0, 0, 0, 0, 0, 0, 0, 0, 0, 0, 0, 0, 0, 0, 0, 0, 0, 0, 0, 0, 0, 0, 0, 0, 0, 0, 0, 0, 0, 0, 0, 0, 0, 0, 0, 0, 0, 0, 0, 0]
logprob -246.01449880504134
Similarity: 0.89
Differences:
 5 0 1
 6 0 1
 7 0 1
 24 0 2
 25 0 4
 26 0 4
 27 0 4
 28 0 4
 29 0 3
 30 0 3
 31 0 3
 32 0 5
 33 0 5
 34 0 5
 35 0 5
 36 0 5
 37 0 5
 38 0 5
 39 0 5
 40 0 5
 41 0 5
 42 0 5

----------------------------------------------------------------------
----------------------------------------------------------------------
ProcessConstrained - StartAfterTimeZero
----------------------------------------------------------------------
----------------------------------------------------------------------
Observations:
0 1 (0, 0, 0, 0, 0)
1 1 (0, 0, 0, 0, 0)
2 1 (0, 0, 0, 0, 0)
3 14 (0, 1, 0, 1, 0)
4 8 (0, 0, 0, 1, 0)
5 1 (0, 0, 0, 0, 0)
6 0 (1, 0, 0, 0, 0)
7 0 (1, 0, 0, 0, 0)
8 1 (0, 0, 0, 0, 0)
9 8 (0, 0, 0, 1, 0)
10 2 (0, 0, 0, 0, 1)
11 0 (1, 0, 0, 0, 0)
12 1 (0, 0, 0, 0, 0)
13 1 (0, 0, 0, 0, 0)
14 1 (0, 0, 0, 0, 0)
15 1 (0, 0, 0, 0, 0)
16 1 (0, 0, 0, 0, 0)
17 1 (0, 0, 0, 0, 0)
18 1 (0, 0, 0, 0, 0)
19 1 (0, 0, 0, 0, 0)
20 1 (0, 0, 0, 0, 0)
21 1 (0, 0, 0, 0, 0)
22 1 (0, 0, 0, 0, 0)
23 1 (0, 0, 0, 0, 0)
24 6 (0, 1, 0, 0, 0)
25 3 (0, 0, 1, 0, 0)
26 23 (0, 1, 1, 0, 1)
27 1 (0, 0, 0, 0, 0)
28 11 (0, 0, 1, 1, 0)
29 6 (0, 1, 0, 0, 0)
30 1 (0, 0, 0, 0, 0)
31 3 (0, 0, 1, 0, 0)
32 8 (0, 0, 0, 1, 0)
33 1 (0, 0, 0, 0, 0)
34 3 (0, 0, 1, 0, 0)
35 8 (0, 0, 0, 1, 0)
36 4 (1, 0, 0, 1, 0)
37 0 (1, 0, 0, 0, 0)
38 1 (0, 0, 0, 0, 0)
39 1 (0, 0, 0, 0, 0)
40 1 (0, 0, 0, 0, 0)
41 1 (0, 0, 0, 0, 0)
42 8 (0, 0, 0, 1, 0)
43 1 (0, 0, 0, 0, 0)
44 1 (0, 0, 0, 0, 0)
45 1 (0, 0, 0, 0, 0)
46 1 (0, 0, 0, 0, 0)
47 0 (1, 0, 0, 0, 0)
48 1 (0, 0, 0, 0, 0)
49 1 (0, 0, 0, 0, 0)
50 3 (0, 0, 1, 0, 0)
51 1 (0, 0, 0, 0, 0)
52 1 (0, 0, 0, 0, 0)
53 1 (0, 0, 0, 0, 0)
54 1 (0, 0, 0, 0, 0)
55 0 (1, 0, 0, 0, 0)
56 1 (0, 0, 0, 0, 0)
57 1 (0, 0, 0, 0, 0)
58 1 (0, 0, 0, 0, 0)
59 17 (0, 1, 0, 0, 1)
60 1 (0, 0, 0, 0, 0)
61 2 (0, 0, 0, 0, 1)
62 2 (0, 0, 0, 0, 1)
63 1 (0, 0, 0, 0, 0)
64 2 (0, 0, 0, 0, 1)
65 2 (0, 0, 0, 0, 1)
66 1 (0, 0, 0, 0, 0)
67 1 (0, 0, 0, 0, 0)
68 2 (0, 0, 0, 0, 1)
69 1 (0, 0, 0, 0, 0)
70 2 (0, 0, 0, 0, 1)
71 6 (0, 1, 0, 0, 0)
72 0 (1, 0, 0, 0, 0)
73 1 (0, 0, 0, 0, 0)
74 6 (0, 1, 0, 0, 0)
75 6 (0, 1, 0, 0, 0)
76 1 (0, 0, 0, 0, 0)
77 1 (0, 0, 0, 0, 0)
78 1 (0, 0, 0, 0, 0)
79 1 (0, 0, 0, 0, 0)
80 1 (0, 0, 0, 0, 0)
81 1 (0, 0, 0, 0, 0)
82 1 (0, 0, 0, 0, 0)
83 1 (0, 0, 0, 0, 0)
84 1 (0, 0, 0, 0, 0)
85 1 (0, 0, 0, 0, 0)
86 1 (0, 0, 0, 0, 0)
87 1 (0, 0, 0, 0, 0)
88 6 (0, 1, 0, 0, 0)
89 1 (0, 0, 0, 0, 0)
90 1 (0, 0, 0, 0, 0)
91 1 (0, 0, 0, 0, 0)
92 1 (0, 0, 0, 0, 0)
93 1 (0, 0, 0, 0, 0)
94 1 (0, 0, 0, 0, 0)
95 1 (0, 0, 0, 0, 0)
96 5 (1, 0, 0, 0, 1)
97 1 (0, 0, 0, 0, 0)
98 1 (0, 0, 0, 0, 0)
99 1 (0, 0, 0, 0, 0)
100 1 (0, 0, 0, 0, 0)
101 1 (0, 0, 0, 0, 0)
102 3 (0, 0, 1, 0, 0)
103 1 (0, 0, 0, 0, 0)
104 1 (0, 0, 0, 0, 0)
105 1 (0, 0, 0, 0, 0)
106 1 (0, 0, 0, 0, 0)
107 1 (0, 0, 0, 0, 0)
108 1 (0, 0, 0, 0, 0)
109 1 (0, 0, 0, 0, 0)
110 0 (1, 0, 0, 0, 0)
111 1 (0, 0, 0, 0, 0)
112 1 (0, 0, 0, 0, 0)
113 1 (0, 0, 0, 0, 0)
114 1 (0, 0, 0, 0, 0)
115 1 (0, 0, 0, 0, 0)
116 8 (0, 0, 0, 1, 0)
117 1 (0, 0, 0, 0, 0)
118 1 (0, 0, 0, 0, 0)
119 1 (0, 0, 0, 0, 0)
120 1 (0, 0, 0, 0, 0)
121 1 (0, 0, 0, 0, 0)
122 8 (0, 0, 0, 1, 0)
123 1 (0, 0, 0, 0, 0)
124 1 (0, 0, 0, 0, 0)
125 1 (0, 0, 0, 0, 0)
126 1 (0, 0, 0, 0, 0)
127 1 (0, 0, 0, 0, 0)
128 1 (0, 0, 0, 0, 0)
129 4 (1, 0, 0, 1, 0)
130 1 (0, 0, 0, 0, 0)
131 1 (0, 0, 0, 0, 0)
132 0 (1, 0, 0, 0, 0)
133 1 (0, 0, 0, 0, 0)
134 1 (0, 0, 0, 0, 0)
135 1 (0, 0, 0, 0, 0)
136 1 (0, 0, 0, 0, 0)
137 1 (0, 0, 0, 0, 0)
138 1 (0, 0, 0, 0, 0)
139 1 (0, 0, 0, 0, 0)
140 20 (1, 0, 1, 0, 1)
141 6 (0, 1, 0, 0, 0)
142 1 (0, 0, 0, 0, 0)
143 1 (0, 0, 0, 0, 0)
144 1 (0, 0, 0, 0, 0)
145 1 (0, 0, 0, 0, 0)
146 0 (1, 0, 0, 0, 0)
147 1 (0, 0, 0, 0, 0)
148 3 (0, 0, 1, 0, 0)
149 1 (0, 0, 0, 0, 0)
150 1 (0, 0, 0, 0, 0)
151 1 (0, 0, 0, 0, 0)
152 1 (0, 0, 0, 0, 0)
153 1 (0, 0, 0, 0, 0)
154 3 (0, 0, 1, 0, 0)
155 1 (0, 0, 0, 0, 0)
156 8 (0, 0, 0, 1, 0)
157 1 (0, 0, 0, 0, 0)
158 1 (0, 0, 0, 0, 0)
159 2 (0, 0, 0, 0, 1)
160 1 (0, 0, 0, 0, 0)
161 1 (0, 0, 0, 0, 0)
162 1 (0, 0, 0, 0, 0)
163 1 (0, 0, 0, 0, 0)
164 1 (0, 0, 0, 0, 0)
165 1 (0, 0, 0, 0, 0)
166 17 (0, 1, 0, 0, 1)
167 1 (0, 0, 0, 0, 0)
168 1 (0, 0, 0, 0, 0)
169 1 (0, 0, 0, 0, 0)
170 1 (0, 0, 0, 0, 0)
171 1 (0, 0, 0, 0, 0)
172 1 (0, 0, 0, 0, 0)
173 1 (0, 0, 0, 0, 0)
174 2 (0, 0, 0, 0, 1)
175 1 (0, 0, 0, 0, 0)
176 1 (0, 0, 0, 0, 0)
177 1 (0, 0, 0, 0, 0)
178 6 (0, 1, 0, 0, 0)
179 1 (0, 0, 0, 0, 0)
180 2 (0, 0, 0, 0, 1)
181 3 (0, 0, 1, 0, 0)
182 1 (0, 0, 0, 0, 0)
183 1 (0, 0, 0, 0, 0)
184 1 (0, 0, 0, 0, 0)
185 1 (0, 0, 0, 0, 0)
186 1 (0, 0, 0, 0, 0)
187 6 (0, 1, 0, 0, 0)
188 1 (0, 0, 0, 0, 0)
189 3 (0, 0, 1, 0, 0)
190 1 (0, 0, 0, 0, 0)
191 1 (0, 0, 0, 0, 0)
192 1 (0, 0, 0, 0, 0)
193 1 (0, 0, 0, 0, 0)
194 1 (0, 0, 0, 0, 0)
195 1 (0, 0, 0, 0, 0)
196 1 (0, 0, 0, 0, 0)
197 1 (0, 0, 0, 0, 0)
198 1 (0, 0, 0, 0, 0)
199 1 (0, 0, 0, 0, 0)

Ground Truth: [0, 0, 0, 0, 0, 1, 1, 1, 0, 0, 0, 0, 0, 0, 0, 0, 0, 0, 0, 0, 0, 0, 0, 0, 2, 4, 4, 4, 4, 3, 3, 3, 5, 5, 5, 5, 5, 5, 5, 5, 5, 5, 5, 0, 0, 0, 0, 0, 0, 0, 0, 0, 0, 0, 0, 0, 0, 0, 6, 6, 6, 6, 6, 6, 6, 6, 6, 6, 6, 6, 6, 0, 0, 0, 0, 0, 0, 0, 0, 0, 0, 0, 0, 0, 0, 0, 0, 0, 0, 0, 0, 0, 0, 0, 0, 0, 0, 0, 0, 0, 0, 0, 0, 0, 0, 0, 0, 0, 0, 0, 0, 0, 0, 0, 0, 0, 0, 0, 0, 0, 0, 0, 0, 0, 0, 0, 0, 0, 0, 0, 0, 0, 0, 0, 0, 0, 0, 0, 0, 0, 0, 0, 0, 0, 0, 0, 0, 0, 0, 0, 0, 0, 0, 0, 0, 0, 0, 0, 0, 0, 0, 0, 0, 0, 0, 0, 0, 0, 0, 0, 0, 0, 0, 0, 0, 0, 0, 0, 0, 0, 0, 0, 0, 0, 0, 0, 0, 0, 0, 0, 0, 0, 0, 0, 0, 0, 0, 0, 0, 0]



 Viterbei

predicted states [0 0 0 0 0 0 0 0 0 0 0 0 0 0 0 0 0 0 0 0 0 0 0 0 0 0 0 0 0 0 0 0 0 0 0 0 0
 0 0 0 0 0 0 0 0 0 0 0 0 0 0 0 0 0 0 0 0 0 0 6 6 6 6 6 6 6 6 6 6 6 6 0 0 0
 0 0 0 0 0 0 0 0 0 0 0 0 0 0 0 0 0 0 0 0 0 0 0 0 0 0 0 0 0 0 0 0 0 0 0 0 0
 0 0 0 0 0 0 0 0 0 0 0 0 0 0 0 0 0 0 0 0 0 0 0 0 0 0 0 0 0 0 0 0 0 0 0 0 0
 0 0 0 0 0 0 0 0 0 0 0 0 0 0 0 0 0 0 0 0 0 0 0 0 0 0 0 0 0 0 0 0 0 0 0 0 0
 0 0 0 0 0 0 0 0 0 0 0 0 0 0 0]
logprob -245.34109339543468

Similarity: 0.885
Differences:
 5 0 1
 6 0 1
 7 0 1
 24 0 2
 25 0 4
 26 0 4
 27 0 4
 28 0 4
 29 0 3
 30 0 3
 31 0 3
 32 0 5
 33 0 5
 34 0 5
 35 0 5
 36 0 5
 37 0 5
 38 0 5
 39 0 5
 40 0 5
 41 0 5
 42 0 5
 58 0 6



 LP

predicted states [0, 0, 0, 0, 0, 0, 0, 0, 0, 0, 0, 0, 0, 0, 0, 0, 0, 0, 0, 0, 0, 0, 0, 0, 0, 0, 0, 0, 0, 0, 0, 0, 0, 0, 0, 0, 0, 0, 0, 0, 0, 0, 0, 0, 0, 0, 0, 0, 0, 0, 0, 0, 0, 0, 0, 0, 0, 0, 0, 6, 6, 6, 6, 6, 6, 6, 6, 6, 6, 6, 6, 0, 0, 0, 0, 0, 0, 0, 0, 0, 0, 0, 0, 0, 0, 0, 0, 0, 0, 0, 0, 0, 0, 0, 0, 0, 0, 0, 0, 0, 0, 0, 0, 0, 0, 0, 0, 0, 0, 0, 0, 0, 0, 0, 0, 0, 0, 0, 0, 0, 0, 0, 0, 0, 0, 0, 0, 0, 0, 0, 0, 0, 0, 0, 0, 0, 0, 0, 0, 0, 0, 0, 0, 0, 0, 0, 0, 0, 0, 0, 0, 0, 0, 0, 0, 0, 0, 0, 0, 0, 0, 0, 0, 0, 0, 0, 0, 0, 0, 0, 0, 0, 0, 0, 0, 0, 0, 0, 0, 0, 0, 0, 0, 0, 0, 0, 0, 0, 0, 0, 0, 0, 0, 0, 0, 0, 0, 0, 0, 0]
logprob -245.34109339543448

Similarity: 0.885
Differences:
 5 0 1
 6 0 1
 7 0 1
 24 0 2
 25 0 4
 26 0 4
 27 0 4
 28 0 4
 29 0 3
 30 0 3
 31 0 3
 32 0 5
 33 0 5
 34 0 5
 35 0 5
 36 0 5
 37 0 5
 38 0 5
 39 0 5
 40 0 5
 41 0 5
 42 0 5
 58 0 6



 IP

predicted states [0, 0, 0, 0, 0, 0, 0, 0, 0, 0, 0, 0, 0, 0, 0, 0, 0, 0, 0, 0, 0, 0, 0, 0, 0, 0, 0, 0, 0, 0, 0, 0, 0, 0, 0, 0, 0, 0, 0, 0, 0, 0, 0, 0, 0, 0, 0, 0, 0, 0, 0, 0, 0, 0, 0, 0, 0, 0, 0, 0, 0, 0, 0, 0, 0, 0, 0, 0, 0, 0, 0, 0, 0, 0, 0, 0, 0, 0, 0, 0, 0, 0, 0, 0, 0, 0, 0, 0, 0, 0, 0, 0, 0, 0, 0, 0, 0, 0, 0, 0, 0, 0, 0, 0, 0, 0, 0, 0, 0, 0, 0, 0, 0, 0, 0, 0, 0, 0, 0, 0, 0, 0, 0, 0, 0, 0, 0, 0, 0, 0, 0, 0, 0, 0, 0, 0, 0, 0, 0, 0, 0, 0, 0, 0, 0, 0, 0, 0, 0, 0, 0, 0, 0, 0, 0, 0, 0, 0, 0, 0, 0, 0, 0, 0, 0, 0, 0, 0, 0, 0, 0, 0, 0, 0, 0, 0, 0, 0, 0, 0, 0, 0, 0, 0, 0, 0, 0, 0, 0, 0, 0, 0, 0, 0, 0, 0, 0, 0, 0, 0]
logprob -250.07444391288092
Similarity: 0.825
Differences:
 5 0 1
 6 0 1
 7 0 1
 24 0 2
 25 0 4
 26 0 4
 27 0 4
 28 0 4
 29 0 3
 30 0 3
 31 0 3
 32 0 5
 33 0 5
 34 0 5
 35 0 5
 36 0 5
 37 0 5
 38 0 5
 39 0 5
 40 0 5
 41 0 5
 42 0 5
 58 0 6
 59 0 6
 60 0 6
 61 0 6
 62 0 6
 63 0 6
 64 0 6
 65 0 6
 66 0 6
 67 0 6
 68 0 6
 69 0 6
 70 0 6

