----------------------------------------------------------------------
----------------------------------------------------------------------
TourHMM - Default
----------------------------------------------------------------------
----------------------------------------------------------------------
Running with seed: 98709812
Observations:
0 0 None
1 0 None
2 0 None
3 0 None
4 1 1
5 1 1
6 2 3
7 3 0
8 2 3
9 4 4
10 2 3
11 2 3
12 2 3
13 0 None
14 3 0
15 3 0
16 0 None
17 1 1
18 4 4
19 4 4
20 5 2
21 4 4
22 0 None
23 0 None
24 0 None
25 0 None
26 0 None
27 0 None
28 0 None
29 0 None

Ground Truth: [6, 6, 6, 6, 1, 1, 3, 3, 3, 3, 3, 3, 3, 0, 0, 0, 0, 4, 4, 2, 2, 5, 6, 6, 6, 6, 6, 6, 6, 6]



 Viterbei

predicted states [6 6 6 6 1 1 3 3 3 4 3 3 3 0 0 0 0 4 4 4 4 4 5 6 6 6 6 6 6 6]
logprob -42.43819880811842

Similarity: 0.8333333333333334
Differences:
 9 4 3
 19 4 2
 20 4 2
 21 4 5
 22 5 6



 LP

predicted states [6, 6, 6, 6, 1, 1, 3, 3, 3, 4, 3, 3, 3, 0, 0, 0, 0, 4, 4, 4, 4, 4, 5, 6, 6, 6, 6, 6, 6, 6]
logprob -42.438198808118386

Similarity: 0.8333333333333334
Differences:
 9 4 3
 19 4 2
 20 4 2
 21 4 5
 22 5 6



 IP

predicted states [6, 6, 6, 6, 1, 1, 3, 3, 3, 3, 3, 3, 3, 2, 0, 0, 0, 4, 4, 4, 4, 4, 5, 6, 6, 6, 6, 6, 6, 6]
logprob -43.65174561587851
Similarity: 0.8333333333333334
Differences:
 13 2 0
 19 4 2
 20 4 2
 21 4 5
 22 5 6

----------------------------------------------------------------------
----------------------------------------------------------------------
TourHMM - Include City 3
----------------------------------------------------------------------
----------------------------------------------------------------------
Running with seed: 909831
Observations:
0 0 None
1 0 None
2 0 None
3 0 None
4 1 1
5 2 2
6 2 2
7 2 2
8 2 2
9 0 None
10 2 2
11 3 4
12 4 0
13 3 4
14 0 None
15 0 None
16 0 None
17 0 None
18 0 None
19 0 None
20 0 None
21 0 None
22 0 None
23 0 None
24 0 None
25 0 None
26 0 None
27 0 None
28 0 None
29 0 None

Ground Truth: [6, 6, 6, 6, 1, 2, 2, 2, 2, 2, 2, 0, 3, 4, 5, 6, 6, 6, 6, 6, 6, 6, 6, 6, 6, 6, 6, 6, 6, 6]



 Viterbei

predicted states [6 6 6 6 1 2 2 2 2 2 2 4 0 5 6 6 6 6 6 6 6 6 6 6 6 6 6 6 6 6]
logprob -24.088705583135454

Similarity: 0.8666666666666667
Differences:
 11 4 0
 12 0 3
 13 5 4
 14 6 5



 LP

predicted states [6, 6, 6, 6, 1, 2, 2, 2, 2, 2, 2, 4, 0, 5, 6, 6, 6, 6, 6, 6, 6, 6, 6, 6, 6, 6, 6, 6, 6, 6]
logprob -24.088705583135454

Similarity: 0.8666666666666667
Differences:
 11 4 0
 12 0 3
 13 5 4
 14 6 5



 IP

predicted states [6, 6, 6, 6, 1, 3, 2, 2, 2, 2, 2, 4, 0, 5, 6, 6, 6, 6, 6, 6, 6, 6, 6, 6, 6, 6, 6, 6, 6, 6]
logprob -29.456765891095014
Similarity: 0.8333333333333334
Differences:
 5 3 2
 11 4 0
 12 0 3
 13 5 4
 14 6 5

